[2024-06-15T20:21:47.986+0300][gc,heap] Heap region size: 1M
[2024-06-15T20:21:48.033+0300][gc     ] Using G1
[2024-06-15T20:21:48.034+0300][gc,heap,coops] Heap address: 0x00000000c0000000, size: 1024 MB, Compressed Oops mode: 32-bit
[2024-06-15T20:21:48.034+0300][gc,cds       ] Mark closed archive regions in map: [0x00000000fff00000, 0x00000000fff6bff8]
[2024-06-15T20:21:48.034+0300][gc,cds       ] Mark open archive regions in map: [0x00000000ffe00000, 0x00000000ffe47ff8]
[2024-06-15T20:21:50.034+0300][gc,start     ] GC(0) Pause Young (Normal) (G1 Evacuation Pause)
[2024-06-15T20:21:50.036+0300][gc,task      ] GC(0) Using 4 workers of 4 for evacuation
[2024-06-15T20:21:50.052+0300][gc,phases    ] GC(0)   Pre Evacuate Collection Set: 0.0ms
[2024-06-15T20:21:50.052+0300][gc,phases    ] GC(0)   Evacuate Collection Set: 15.4ms
[2024-06-15T20:21:50.052+0300][gc,phases    ] GC(0)   Post Evacuate Collection Set: 1.0ms
[2024-06-15T20:21:50.052+0300][gc,phases    ] GC(0)   Other: 1.6ms
[2024-06-15T20:21:50.052+0300][gc,heap      ] GC(0) Eden regions: 51->0(44)
[2024-06-15T20:21:50.052+0300][gc,heap      ] GC(0) Survivor regions: 0->7(7)
[2024-06-15T20:21:50.052+0300][gc,heap      ] GC(0) Old regions: 2->3
[2024-06-15T20:21:50.052+0300][gc,heap      ] GC(0) Humongous regions: 0->0
[2024-06-15T20:21:50.052+0300][gc,metaspace ] GC(0) Metaspace: 13882K(14592K)->13882K(14592K) NonClass: 12158K(12544K)->12158K(12544K) Class: 1723K(2048K)->1723K(2048K)
[2024-06-15T20:21:50.053+0300][gc           ] GC(0) Pause Young (Normal) (G1 Evacuation Pause) 51M->8M(1024M) 18.139ms
[2024-06-15T20:21:50.053+0300][gc,cpu       ] GC(0) User=0.03s Sys=0.03s Real=0.02s
[2024-06-15T20:21:51.263+0300][gc,start     ] GC(1) Pause Young (Concurrent Start) (Metadata GC Threshold)
[2024-06-15T20:21:51.264+0300][gc,task      ] GC(1) Using 4 workers of 4 for evacuation
[2024-06-15T20:21:51.308+0300][gc,mmu       ] GC(1) MMU target violated: 21.0ms (20.0ms/21.0ms)
[2024-06-15T20:21:51.308+0300][gc,phases    ] GC(1)   Pre Evacuate Collection Set: 0.1ms
[2024-06-15T20:21:51.308+0300][gc,phases    ] GC(1)   Evacuate Collection Set: 42.5ms
[2024-06-15T20:21:51.308+0300][gc,phases    ] GC(1)   Post Evacuate Collection Set: 1.2ms
[2024-06-15T20:21:51.308+0300][gc,phases    ] GC(1)   Other: 0.7ms
[2024-06-15T20:21:51.308+0300][gc,heap      ] GC(1) Eden regions: 31->0(49)
[2024-06-15T20:21:51.308+0300][gc,heap      ] GC(1) Survivor regions: 7->2(7)
[2024-06-15T20:21:51.308+0300][gc,heap      ] GC(1) Old regions: 3->10
[2024-06-15T20:21:51.308+0300][gc,heap      ] GC(1) Humongous regions: 0->0
[2024-06-15T20:21:51.308+0300][gc,metaspace ] GC(1) Metaspace: 20463K(21248K)->20463K(21248K) NonClass: 17987K(18432K)->17987K(18432K) Class: 2475K(2816K)->2475K(2816K)
[2024-06-15T20:21:51.308+0300][gc           ] GC(1) Pause Young (Concurrent Start) (Metadata GC Threshold) 39M->9M(1024M) 44.529ms
[2024-06-15T20:21:51.308+0300][gc,cpu       ] GC(1) User=0.02s Sys=0.06s Real=0.04s
[2024-06-15T20:21:51.308+0300][gc           ] GC(2) Concurrent Cycle
[2024-06-15T20:21:51.308+0300][gc,marking   ] GC(2) Concurrent Clear Claimed Marks
[2024-06-15T20:21:51.308+0300][gc,marking   ] GC(2) Concurrent Clear Claimed Marks 0.033ms
[2024-06-15T20:21:51.308+0300][gc,marking   ] GC(2) Concurrent Scan Root Regions
[2024-06-15T20:21:51.310+0300][gc,marking   ] GC(2) Concurrent Scan Root Regions 1.403ms
[2024-06-15T20:21:51.310+0300][gc,marking   ] GC(2) Concurrent Mark (3.363s)
[2024-06-15T20:21:51.310+0300][gc,marking   ] GC(2) Concurrent Mark From Roots
[2024-06-15T20:21:51.310+0300][gc,task      ] GC(2) Using 1 workers of 1 for marking
[2024-06-15T20:21:51.331+0300][gc,marking   ] GC(2) Concurrent Mark From Roots 21.479ms
[2024-06-15T20:21:51.331+0300][gc,marking   ] GC(2) Concurrent Preclean
[2024-06-15T20:21:51.331+0300][gc,marking   ] GC(2) Concurrent Preclean 0.113ms
[2024-06-15T20:21:51.331+0300][gc,marking   ] GC(2) Concurrent Mark (3.363s, 3.384s) 21.777ms
[2024-06-15T20:21:51.332+0300][gc,start     ] GC(2) Pause Remark
[2024-06-15T20:21:51.358+0300][gc,stringtable] GC(2) Cleaned string and symbol table, strings: 5688 processed, 0 removed, symbols: 53837 processed, 42 removed
[2024-06-15T20:21:51.359+0300][gc,mmu        ] GC(2) MMU target violated: 21.0ms (20.0ms/21.0ms)
[2024-06-15T20:21:51.359+0300][gc            ] GC(2) Pause Remark 10M->10M(1024M) 27.434ms
[2024-06-15T20:21:51.360+0300][gc,cpu        ] GC(2) User=0.00s Sys=0.03s Real=0.03s
[2024-06-15T20:21:51.360+0300][gc,marking    ] GC(2) Concurrent Rebuild Remembered Sets
[2024-06-15T20:21:51.371+0300][gc,marking    ] GC(2) Concurrent Rebuild Remembered Sets 10.715ms
[2024-06-15T20:21:51.372+0300][gc,start      ] GC(2) Pause Cleanup
[2024-06-15T20:21:51.375+0300][gc            ] GC(2) Pause Cleanup 10M->10M(1024M) 0.977ms
[2024-06-15T20:21:51.375+0300][gc,cpu        ] GC(2) User=0.01s Sys=0.00s Real=0.01s
[2024-06-15T20:21:51.375+0300][gc,marking    ] GC(2) Concurrent Cleanup for Next Mark
[2024-06-15T20:21:51.440+0300][gc,marking    ] GC(2) Concurrent Cleanup for Next Mark 64.693ms
[2024-06-15T20:21:51.440+0300][gc            ] GC(2) Concurrent Cycle 131.942ms
[2024-06-15T20:21:52.935+0300][gc,start      ] GC(3) Pause Young (Normal) (G1 Evacuation Pause)
[2024-06-15T20:21:52.935+0300][gc,task       ] GC(3) Using 4 workers of 4 for evacuation
[2024-06-15T20:21:52.946+0300][gc,phases     ] GC(3)   Pre Evacuate Collection Set: 0.1ms
[2024-06-15T20:21:52.946+0300][gc,phases     ] GC(3)   Evacuate Collection Set: 4.0ms
[2024-06-15T20:21:52.946+0300][gc,phases     ] GC(3)   Post Evacuate Collection Set: 6.1ms
[2024-06-15T20:21:52.946+0300][gc,phases     ] GC(3)   Other: 0.4ms
[2024-06-15T20:21:52.946+0300][gc,heap       ] GC(3) Eden regions: 49->0(46)
[2024-06-15T20:21:52.946+0300][gc,heap       ] GC(3) Survivor regions: 2->5(7)
[2024-06-15T20:21:52.946+0300][gc,heap       ] GC(3) Old regions: 10->10
[2024-06-15T20:21:52.946+0300][gc,heap       ] GC(3) Humongous regions: 129->129
[2024-06-15T20:21:52.946+0300][gc,metaspace  ] GC(3) Metaspace: 28795K(29952K)->28795K(29952K) NonClass: 25435K(26112K)->25435K(26112K) Class: 3360K(3840K)->3360K(3840K)
[2024-06-15T20:21:52.946+0300][gc            ] GC(3) Pause Young (Normal) (G1 Evacuation Pause) 187M->141M(1024M) 10.682ms
[2024-06-15T20:21:52.946+0300][gc,cpu        ] GC(3) User=0.01s Sys=0.02s Real=0.02s
[2024-06-15T20:21:53.641+0300][gc,start      ] GC(4) Pause Young (Concurrent Start) (Metadata GC Threshold)
[2024-06-15T20:21:53.641+0300][gc,task       ] GC(4) Using 4 workers of 4 for evacuation
[2024-06-15T20:21:53.652+0300][gc,phases     ] GC(4)   Pre Evacuate Collection Set: 0.3ms
[2024-06-15T20:21:53.652+0300][gc,phases     ] GC(4)   Evacuate Collection Set: 9.8ms
[2024-06-15T20:21:53.652+0300][gc,phases     ] GC(4)   Post Evacuate Collection Set: 0.7ms
[2024-06-15T20:21:53.652+0300][gc,phases     ] GC(4)   Other: 0.3ms
[2024-06-15T20:21:53.652+0300][gc,heap       ] GC(4) Eden regions: 35->0(45)
[2024-06-15T20:21:53.652+0300][gc,heap       ] GC(4) Survivor regions: 5->6(7)
[2024-06-15T20:21:53.652+0300][gc,heap       ] GC(4) Old regions: 10->11
[2024-06-15T20:21:53.652+0300][gc,heap       ] GC(4) Humongous regions: 129->129
[2024-06-15T20:21:53.652+0300][gc,metaspace  ] GC(4) Metaspace: 34531K(35840K)->34531K(35840K) NonClass: 30554K(31232K)->30554K(31232K) Class: 3977K(4608K)->3977K(4608K)
[2024-06-15T20:21:53.652+0300][gc            ] GC(4) Pause Young (Concurrent Start) (Metadata GC Threshold) 176M->144M(1024M) 11.193ms
[2024-06-15T20:21:53.652+0300][gc,cpu        ] GC(4) User=0.02s Sys=0.01s Real=0.01s
[2024-06-15T20:21:53.652+0300][gc            ] GC(5) Concurrent Cycle
[2024-06-15T20:21:53.652+0300][gc,marking    ] GC(5) Concurrent Clear Claimed Marks
[2024-06-15T20:21:53.652+0300][gc,marking    ] GC(5) Concurrent Clear Claimed Marks 0.087ms
[2024-06-15T20:21:53.652+0300][gc,marking    ] GC(5) Concurrent Scan Root Regions
[2024-06-15T20:21:53.657+0300][gc,marking    ] GC(5) Concurrent Scan Root Regions 4.347ms
[2024-06-15T20:21:53.657+0300][gc,marking    ] GC(5) Concurrent Mark (5.710s)
[2024-06-15T20:21:53.657+0300][gc,marking    ] GC(5) Concurrent Mark From Roots
[2024-06-15T20:21:53.657+0300][gc,task       ] GC(5) Using 1 workers of 1 for marking
[2024-06-15T20:21:53.667+0300][gc,marking    ] GC(5) Concurrent Mark From Roots 9.991ms
[2024-06-15T20:21:53.667+0300][gc,marking    ] GC(5) Concurrent Preclean
[2024-06-15T20:21:53.667+0300][gc,marking    ] GC(5) Concurrent Preclean 0.063ms
[2024-06-15T20:21:53.667+0300][gc,marking    ] GC(5) Concurrent Mark (5.710s, 5.720s) 10.364ms
[2024-06-15T20:21:53.670+0300][gc,start      ] GC(5) Pause Remark
[2024-06-15T20:21:53.674+0300][gc,stringtable] GC(5) Cleaned string and symbol table, strings: 11634 processed, 10 removed, symbols: 88962 processed, 19 removed
[2024-06-15T20:21:53.675+0300][gc            ] GC(5) Pause Remark 145M->145M(1024M) 5.029ms
[2024-06-15T20:21:53.675+0300][gc,cpu        ] GC(5) User=0.00s Sys=0.01s Real=0.01s
[2024-06-15T20:21:53.676+0300][gc,marking    ] GC(5) Concurrent Rebuild Remembered Sets
[2024-06-15T20:21:53.680+0300][gc,marking    ] GC(5) Concurrent Rebuild Remembered Sets 4.307ms
[2024-06-15T20:21:53.690+0300][gc,start      ] GC(5) Pause Cleanup
[2024-06-15T20:21:53.690+0300][gc            ] GC(5) Pause Cleanup 147M->147M(1024M) 0.366ms
[2024-06-15T20:21:53.690+0300][gc,cpu        ] GC(5) User=0.00s Sys=0.00s Real=0.00s
[2024-06-15T20:21:53.691+0300][gc,marking    ] GC(5) Concurrent Cleanup for Next Mark
[2024-06-15T20:21:53.771+0300][gc,marking    ] GC(5) Concurrent Cleanup for Next Mark 80.072ms
[2024-06-15T20:21:53.771+0300][gc            ] GC(5) Concurrent Cycle 118.483ms
[2024-06-15T20:23:37.493+0300][gc,start      ] GC(6) Pause Young (Concurrent Start) (G1 Evacuation Pause)
[2024-06-15T20:23:37.493+0300][gc,task       ] GC(6) Using 4 workers of 4 for evacuation
[2024-06-15T20:23:37.507+0300][gc,phases     ] GC(6)   Pre Evacuate Collection Set: 0.3ms
[2024-06-15T20:23:37.508+0300][gc,phases     ] GC(6)   Evacuate Collection Set: 12.5ms
[2024-06-15T20:23:37.508+0300][gc,phases     ] GC(6)   Post Evacuate Collection Set: 1.1ms
[2024-06-15T20:23:37.508+0300][gc,phases     ] GC(6)   Other: 0.8ms
[2024-06-15T20:23:37.508+0300][gc,heap       ] GC(6) Eden regions: 45->0(45)
[2024-06-15T20:23:37.508+0300][gc,heap       ] GC(6) Survivor regions: 6->6(7)
[2024-06-15T20:23:37.508+0300][gc,heap       ] GC(6) Old regions: 11->14
[2024-06-15T20:23:37.508+0300][gc,heap       ] GC(6) Humongous regions: 129->129
[2024-06-15T20:23:37.509+0300][gc,metaspace  ] GC(6) Metaspace: 41310K(43776K)->41310K(43776K) NonClass: 36061K(37376K)->36061K(37376K) Class: 5249K(6400K)->5249K(6400K)
[2024-06-15T20:23:37.509+0300][gc            ] GC(6) Pause Young (Concurrent Start) (G1 Evacuation Pause) 189M->146M(1024M) 15.872ms
[2024-06-15T20:23:37.509+0300][gc,cpu        ] GC(6) User=0.03s Sys=0.01s Real=0.02s
[2024-06-15T20:23:37.509+0300][gc            ] GC(7) Concurrent Cycle
[2024-06-15T20:23:37.509+0300][gc,marking    ] GC(7) Concurrent Clear Claimed Marks
[2024-06-15T20:23:37.509+0300][gc,marking    ] GC(7) Concurrent Clear Claimed Marks 0.224ms
[2024-06-15T20:23:37.509+0300][gc,marking    ] GC(7) Concurrent Scan Root Regions
[2024-06-15T20:23:37.514+0300][gc,marking    ] GC(7) Concurrent Scan Root Regions 4.732ms
[2024-06-15T20:23:37.514+0300][gc,marking    ] GC(7) Concurrent Mark (109.567s)
[2024-06-15T20:23:37.515+0300][gc,marking    ] GC(7) Concurrent Mark From Roots
[2024-06-15T20:23:37.517+0300][gc,task       ] GC(7) Using 1 workers of 1 for marking
[2024-06-15T20:23:37.540+0300][gc,marking    ] GC(7) Concurrent Mark From Roots 25.722ms
[2024-06-15T20:23:37.541+0300][gc,marking    ] GC(7) Concurrent Preclean
[2024-06-15T20:23:37.541+0300][gc,marking    ] GC(7) Concurrent Preclean 0.275ms
[2024-06-15T20:23:37.541+0300][gc,marking    ] GC(7) Concurrent Mark (109.567s, 109.594s) 26.598ms
[2024-06-15T20:23:37.542+0300][gc,start      ] GC(7) Pause Remark
[2024-06-15T20:23:37.560+0300][gc,stringtable] GC(7) Cleaned string and symbol table, strings: 13032 processed, 5 removed, symbols: 96743 processed, 4 removed
[2024-06-15T20:23:37.575+0300][gc,mmu        ] GC(7) MMU target violated: 21.0ms (20.0ms/21.0ms)
[2024-06-15T20:23:37.575+0300][gc            ] GC(7) Pause Remark 147M->147M(1024M) 32.681ms
[2024-06-15T20:23:37.575+0300][gc,cpu        ] GC(7) User=0.01s Sys=0.02s Real=0.03s
[2024-06-15T20:23:37.575+0300][gc,marking    ] GC(7) Concurrent Rebuild Remembered Sets
[2024-06-15T20:23:37.587+0300][gc,marking    ] GC(7) Concurrent Rebuild Remembered Sets 12.112ms
[2024-06-15T20:23:37.588+0300][gc,start      ] GC(7) Pause Cleanup
[2024-06-15T20:23:37.589+0300][gc            ] GC(7) Pause Cleanup 148M->148M(1024M) 0.357ms
[2024-06-15T20:23:37.589+0300][gc,cpu        ] GC(7) User=0.00s Sys=0.00s Real=0.00s
[2024-06-15T20:23:37.589+0300][gc,marking    ] GC(7) Concurrent Cleanup for Next Mark
[2024-06-15T20:23:37.591+0300][gc,marking    ] GC(7) Concurrent Cleanup for Next Mark 2.611ms
[2024-06-15T20:23:37.591+0300][gc            ] GC(7) Concurrent Cycle 82.540ms
[2024-06-15T20:34:37.484+0300][gc,start      ] GC(8) Pause Young (Normal) (G1 Evacuation Pause)
[2024-06-15T20:34:37.488+0300][gc,task       ] GC(8) Using 4 workers of 4 for evacuation
[2024-06-15T20:34:37.509+0300][gc,mmu        ] GC(8) MMU target violated: 20.4ms (20.0ms/21.0ms)
[2024-06-15T20:34:37.510+0300][gc,phases     ] GC(8)   Pre Evacuate Collection Set: 2.2ms
[2024-06-15T20:34:37.510+0300][gc,phases     ] GC(8)   Evacuate Collection Set: 16.4ms
[2024-06-15T20:34:37.510+0300][gc,phases     ] GC(8)   Post Evacuate Collection Set: 1.4ms
[2024-06-15T20:34:37.510+0300][gc,phases     ] GC(8)   Other: 5.5ms
[2024-06-15T20:34:37.510+0300][gc,heap       ] GC(8) Eden regions: 45->0(45)
[2024-06-15T20:34:37.510+0300][gc,heap       ] GC(8) Survivor regions: 6->6(7)
[2024-06-15T20:34:37.510+0300][gc,heap       ] GC(8) Old regions: 14->17
[2024-06-15T20:34:37.510+0300][gc,heap       ] GC(8) Humongous regions: 129->129
[2024-06-15T20:34:37.510+0300][gc,metaspace  ] GC(8) Metaspace: 44476K(47232K)->44476K(47232K) NonClass: 38798K(40192K)->38798K(40192K) Class: 5677K(7040K)->5677K(7040K)
[2024-06-15T20:34:37.510+0300][gc            ] GC(8) Pause Young (Normal) (G1 Evacuation Pause) 191M->149M(1024M) 25.712ms
[2024-06-15T20:34:37.510+0300][gc,cpu        ] GC(8) User=0.05s Sys=0.01s Real=0.03s
[2024-06-15T20:48:18.996+0300][gc,start      ] GC(9) Pause Young (Normal) (G1 Evacuation Pause)
[2024-06-15T20:48:18.996+0300][gc,task       ] GC(9) Using 4 workers of 4 for evacuation
[2024-06-15T20:48:19.071+0300][gc,mmu        ] GC(9) MMU target violated: 21.0ms (20.0ms/21.0ms)
[2024-06-15T20:48:19.071+0300][gc,phases     ] GC(9)   Pre Evacuate Collection Set: 13.9ms
[2024-06-15T20:48:19.071+0300][gc,phases     ] GC(9)   Evacuate Collection Set: 58.3ms
[2024-06-15T20:48:19.071+0300][gc,phases     ] GC(9)   Post Evacuate Collection Set: 1.7ms
[2024-06-15T20:48:19.071+0300][gc,phases     ] GC(9)   Other: 0.7ms
[2024-06-15T20:48:19.071+0300][gc,heap       ] GC(9) Eden regions: 45->0(45)
[2024-06-15T20:48:19.071+0300][gc,heap       ] GC(9) Survivor regions: 6->6(7)
[2024-06-15T20:48:19.071+0300][gc,heap       ] GC(9) Old regions: 17->19
[2024-06-15T20:48:19.071+0300][gc,heap       ] GC(9) Humongous regions: 129->129
[2024-06-15T20:48:19.071+0300][gc,metaspace  ] GC(9) Metaspace: 45672K(48640K)->45672K(48640K) NonClass: 39754K(41216K)->39754K(41216K) Class: 5918K(7424K)->5918K(7424K)
[2024-06-15T20:48:19.071+0300][gc            ] GC(9) Pause Young (Normal) (G1 Evacuation Pause) 194M->151M(1024M) 74.731ms
[2024-06-15T20:48:19.071+0300][gc,cpu        ] GC(9) User=0.06s Sys=0.01s Real=0.08s
[2024-06-15T20:48:19.085+0300][gc,heap,exit  ] Heap
[2024-06-15T20:48:19.085+0300][gc,heap,exit  ]  garbage-first heap   total 1048576K, used 154997K [0x00000000c0000000, 0x0000000100000000)
[2024-06-15T20:48:19.085+0300][gc,heap,exit  ]   region size 1024K, 7 young (7168K), 6 survivors (6144K)
[2024-06-15T20:48:19.085+0300][gc,heap,exit  ]  Metaspace       used 45698K, capacity 48538K, committed 48640K, reserved 1091584K
[2024-06-15T20:48:19.085+0300][gc,heap,exit  ]   class space    used 5926K, capacity 7330K, committed 7424K, reserved 1048576K
