[2024-06-16 17:02:02,444] INFO [GroupCoordinator 0]: Preparing to rebalance group pcb-defect-detection in state PreparingRebalance with old generation 1 (__consumer_offsets-3) (reason: Removing member faust-0.11.0-e716b076-fcf6-4a64-9e14-f40fa5d4cea9 on LeaveGroup; client reason: not provided) (kafka.coordinator.group.GroupCoordinator)
[2024-06-16 17:02:02,488] INFO [GroupCoordinator 0]: Group pcb-defect-detection with generation 2 is now empty (__consumer_offsets-3) (kafka.coordinator.group.GroupCoordinator)
[2024-06-16 17:02:02,508] INFO [GroupCoordinator 0]: Member MemberMetadata(memberId=faust-0.11.0-e716b076-fcf6-4a64-9e14-f40fa5d4cea9, groupInstanceId=None, clientId=faust-0.11.0, clientHost=/127.0.0.1, sessionTimeoutMs=60000, rebalanceTimeoutMs=60000, supportedProtocols=List(faust)) has left group pcb-defect-detection through explicit `LeaveGroup`; client reason: not provided (kafka.coordinator.group.GroupCoordinator)
[2024-06-16 17:02:29,691] INFO [GroupCoordinator 0]: Dynamic member with unknown member id joins group pcb-defect-detection in Empty state. Created a new member id faust-0.11.0-04a7173b-967b-4133-9a21-76557c132075 and request the member to rejoin with this id. (kafka.coordinator.group.GroupCoordinator)
[2024-06-16 17:02:29,696] INFO [GroupCoordinator 0]: Preparing to rebalance group pcb-defect-detection in state PreparingRebalance with old generation 2 (__consumer_offsets-3) (reason: Adding new member faust-0.11.0-04a7173b-967b-4133-9a21-76557c132075 with group instance id None; client reason: not provided) (kafka.coordinator.group.GroupCoordinator)
[2024-06-16 17:02:29,701] INFO [GroupCoordinator 0]: Stabilized group pcb-defect-detection generation 3 (__consumer_offsets-3) with 1 members (kafka.coordinator.group.GroupCoordinator)
[2024-06-16 17:02:29,811] INFO [GroupCoordinator 0]: Assignment received from leader faust-0.11.0-04a7173b-967b-4133-9a21-76557c132075 for group pcb-defect-detection for generation 3. The group has 1 members, 0 of which are static. (kafka.coordinator.group.GroupCoordinator)
[2024-06-16 17:08:31,069] INFO [GroupCoordinator 0]: Preparing to rebalance group pcb-defect-detection in state PreparingRebalance with old generation 3 (__consumer_offsets-3) (reason: Removing member faust-0.11.0-04a7173b-967b-4133-9a21-76557c132075 on LeaveGroup; client reason: not provided) (kafka.coordinator.group.GroupCoordinator)
[2024-06-16 17:08:31,073] INFO [GroupCoordinator 0]: Group pcb-defect-detection with generation 4 is now empty (__consumer_offsets-3) (kafka.coordinator.group.GroupCoordinator)
[2024-06-16 17:08:31,074] INFO [GroupCoordinator 0]: Member MemberMetadata(memberId=faust-0.11.0-04a7173b-967b-4133-9a21-76557c132075, groupInstanceId=None, clientId=faust-0.11.0, clientHost=/127.0.0.1, sessionTimeoutMs=60000, rebalanceTimeoutMs=60000, supportedProtocols=List(faust)) has left group pcb-defect-detection through explicit `LeaveGroup`; client reason: not provided (kafka.coordinator.group.GroupCoordinator)
[2024-06-16 17:08:38,950] INFO [GroupCoordinator 0]: Dynamic member with unknown member id joins group pcb-defect-detection in Empty state. Created a new member id faust-0.11.0-fa686975-eb8c-4c6c-8129-78fc856abdcb and request the member to rejoin with this id. (kafka.coordinator.group.GroupCoordinator)
[2024-06-16 17:08:38,958] INFO [GroupCoordinator 0]: Preparing to rebalance group pcb-defect-detection in state PreparingRebalance with old generation 4 (__consumer_offsets-3) (reason: Adding new member faust-0.11.0-fa686975-eb8c-4c6c-8129-78fc856abdcb with group instance id None; client reason: not provided) (kafka.coordinator.group.GroupCoordinator)
[2024-06-16 17:08:38,977] INFO [GroupCoordinator 0]: Stabilized group pcb-defect-detection generation 5 (__consumer_offsets-3) with 1 members (kafka.coordinator.group.GroupCoordinator)
[2024-06-16 17:08:39,005] INFO [GroupCoordinator 0]: Assignment received from leader faust-0.11.0-fa686975-eb8c-4c6c-8129-78fc856abdcb for group pcb-defect-detection for generation 5. The group has 1 members, 0 of which are static. (kafka.coordinator.group.GroupCoordinator)
[2024-06-16 17:17:24,621] INFO [GroupCoordinator 0]: Preparing to rebalance group pcb-defect-detection in state PreparingRebalance with old generation 5 (__consumer_offsets-3) (reason: Removing member faust-0.11.0-fa686975-eb8c-4c6c-8129-78fc856abdcb on LeaveGroup; client reason: not provided) (kafka.coordinator.group.GroupCoordinator)
[2024-06-16 17:17:24,623] INFO [GroupCoordinator 0]: Group pcb-defect-detection with generation 6 is now empty (__consumer_offsets-3) (kafka.coordinator.group.GroupCoordinator)
[2024-06-16 17:17:24,624] INFO [GroupCoordinator 0]: Member MemberMetadata(memberId=faust-0.11.0-fa686975-eb8c-4c6c-8129-78fc856abdcb, groupInstanceId=None, clientId=faust-0.11.0, clientHost=/127.0.0.1, sessionTimeoutMs=60000, rebalanceTimeoutMs=60000, supportedProtocols=List(faust)) has left group pcb-defect-detection through explicit `LeaveGroup`; client reason: not provided (kafka.coordinator.group.GroupCoordinator)
[2024-06-16 17:19:12,258] INFO [GroupCoordinator 0]: Dynamic member with unknown member id joins group pcb-defect-detection in Empty state. Created a new member id faust-0.11.0-7a19426a-75dd-49d6-83a6-3623d28b43e8 and request the member to rejoin with this id. (kafka.coordinator.group.GroupCoordinator)
[2024-06-16 17:19:12,267] INFO [GroupCoordinator 0]: Preparing to rebalance group pcb-defect-detection in state PreparingRebalance with old generation 6 (__consumer_offsets-3) (reason: Adding new member faust-0.11.0-7a19426a-75dd-49d6-83a6-3623d28b43e8 with group instance id None; client reason: not provided) (kafka.coordinator.group.GroupCoordinator)
[2024-06-16 17:19:12,316] INFO [GroupCoordinator 0]: Stabilized group pcb-defect-detection generation 7 (__consumer_offsets-3) with 1 members (kafka.coordinator.group.GroupCoordinator)
[2024-06-16 17:19:12,321] INFO [GroupCoordinator 0]: Assignment received from leader faust-0.11.0-7a19426a-75dd-49d6-83a6-3623d28b43e8 for group pcb-defect-detection for generation 7. The group has 1 members, 0 of which are static. (kafka.coordinator.group.GroupCoordinator)
[2024-06-16 17:22:44,154] INFO [GroupCoordinator 0]: Preparing to rebalance group pcb-defect-detection in state PreparingRebalance with old generation 7 (__consumer_offsets-3) (reason: Removing member faust-0.11.0-7a19426a-75dd-49d6-83a6-3623d28b43e8 on LeaveGroup; client reason: not provided) (kafka.coordinator.group.GroupCoordinator)
[2024-06-16 17:22:44,154] INFO [GroupCoordinator 0]: Group pcb-defect-detection with generation 8 is now empty (__consumer_offsets-3) (kafka.coordinator.group.GroupCoordinator)
[2024-06-16 17:22:44,171] INFO [GroupCoordinator 0]: Member MemberMetadata(memberId=faust-0.11.0-7a19426a-75dd-49d6-83a6-3623d28b43e8, groupInstanceId=None, clientId=faust-0.11.0, clientHost=/127.0.0.1, sessionTimeoutMs=60000, rebalanceTimeoutMs=60000, supportedProtocols=List(faust)) has left group pcb-defect-detection through explicit `LeaveGroup`; client reason: not provided (kafka.coordinator.group.GroupCoordinator)
[2024-06-16 17:22:50,139] INFO [GroupCoordinator 0]: Dynamic member with unknown member id joins group pcb-defect-detection in Empty state. Created a new member id faust-0.11.0-efa28058-4ea3-4261-a3a2-cefffbac49f0 and request the member to rejoin with this id. (kafka.coordinator.group.GroupCoordinator)
[2024-06-16 17:22:50,141] INFO [GroupCoordinator 0]: Preparing to rebalance group pcb-defect-detection in state PreparingRebalance with old generation 8 (__consumer_offsets-3) (reason: Adding new member faust-0.11.0-efa28058-4ea3-4261-a3a2-cefffbac49f0 with group instance id None; client reason: not provided) (kafka.coordinator.group.GroupCoordinator)
[2024-06-16 17:22:50,142] INFO [GroupCoordinator 0]: Stabilized group pcb-defect-detection generation 9 (__consumer_offsets-3) with 1 members (kafka.coordinator.group.GroupCoordinator)
[2024-06-16 17:22:50,156] INFO [GroupCoordinator 0]: Assignment received from leader faust-0.11.0-efa28058-4ea3-4261-a3a2-cefffbac49f0 for group pcb-defect-detection for generation 9. The group has 1 members, 0 of which are static. (kafka.coordinator.group.GroupCoordinator)
[2024-06-16 17:26:01,917] INFO [GroupCoordinator 0]: Preparing to rebalance group pcb-defect-detection in state PreparingRebalance with old generation 9 (__consumer_offsets-3) (reason: Removing member faust-0.11.0-efa28058-4ea3-4261-a3a2-cefffbac49f0 on LeaveGroup; client reason: not provided) (kafka.coordinator.group.GroupCoordinator)
[2024-06-16 17:26:01,917] INFO [GroupCoordinator 0]: Group pcb-defect-detection with generation 10 is now empty (__consumer_offsets-3) (kafka.coordinator.group.GroupCoordinator)
[2024-06-16 17:26:01,919] INFO [GroupCoordinator 0]: Member MemberMetadata(memberId=faust-0.11.0-efa28058-4ea3-4261-a3a2-cefffbac49f0, groupInstanceId=None, clientId=faust-0.11.0, clientHost=/127.0.0.1, sessionTimeoutMs=60000, rebalanceTimeoutMs=60000, supportedProtocols=List(faust)) has left group pcb-defect-detection through explicit `LeaveGroup`; client reason: not provided (kafka.coordinator.group.GroupCoordinator)
[2024-06-16 17:26:07,579] INFO [GroupCoordinator 0]: Dynamic member with unknown member id joins group pcb-defect-detection in Empty state. Created a new member id faust-0.11.0-8416a7fc-ccee-4a8a-84ae-b160b22c6908 and request the member to rejoin with this id. (kafka.coordinator.group.GroupCoordinator)
[2024-06-16 17:26:07,598] INFO [GroupCoordinator 0]: Preparing to rebalance group pcb-defect-detection in state PreparingRebalance with old generation 10 (__consumer_offsets-3) (reason: Adding new member faust-0.11.0-8416a7fc-ccee-4a8a-84ae-b160b22c6908 with group instance id None; client reason: not provided) (kafka.coordinator.group.GroupCoordinator)
[2024-06-16 17:26:07,601] INFO [GroupCoordinator 0]: Stabilized group pcb-defect-detection generation 11 (__consumer_offsets-3) with 1 members (kafka.coordinator.group.GroupCoordinator)
[2024-06-16 17:26:07,610] INFO [GroupCoordinator 0]: Assignment received from leader faust-0.11.0-8416a7fc-ccee-4a8a-84ae-b160b22c6908 for group pcb-defect-detection for generation 11. The group has 1 members, 0 of which are static. (kafka.coordinator.group.GroupCoordinator)
[2024-06-16 17:26:26,941] INFO [GroupCoordinator 0]: Preparing to rebalance group pcb-defect-detection in state PreparingRebalance with old generation 11 (__consumer_offsets-3) (reason: Removing member faust-0.11.0-8416a7fc-ccee-4a8a-84ae-b160b22c6908 on LeaveGroup; client reason: not provided) (kafka.coordinator.group.GroupCoordinator)
[2024-06-16 17:26:26,942] INFO [GroupCoordinator 0]: Group pcb-defect-detection with generation 12 is now empty (__consumer_offsets-3) (kafka.coordinator.group.GroupCoordinator)
[2024-06-16 17:26:26,943] INFO [GroupCoordinator 0]: Member MemberMetadata(memberId=faust-0.11.0-8416a7fc-ccee-4a8a-84ae-b160b22c6908, groupInstanceId=None, clientId=faust-0.11.0, clientHost=/127.0.0.1, sessionTimeoutMs=60000, rebalanceTimeoutMs=60000, supportedProtocols=List(faust)) has left group pcb-defect-detection through explicit `LeaveGroup`; client reason: not provided (kafka.coordinator.group.GroupCoordinator)
[2024-06-16 17:26:32,650] INFO [GroupCoordinator 0]: Dynamic member with unknown member id joins group pcb-defect-detection in Empty state. Created a new member id faust-0.11.0-1255e0b9-0ee2-41a5-b4ac-173ff96e82bb and request the member to rejoin with this id. (kafka.coordinator.group.GroupCoordinator)
[2024-06-16 17:26:32,698] INFO [GroupCoordinator 0]: Preparing to rebalance group pcb-defect-detection in state PreparingRebalance with old generation 12 (__consumer_offsets-3) (reason: Adding new member faust-0.11.0-1255e0b9-0ee2-41a5-b4ac-173ff96e82bb with group instance id None; client reason: not provided) (kafka.coordinator.group.GroupCoordinator)
[2024-06-16 17:26:32,710] INFO [GroupCoordinator 0]: Stabilized group pcb-defect-detection generation 13 (__consumer_offsets-3) with 1 members (kafka.coordinator.group.GroupCoordinator)
[2024-06-16 17:26:32,735] INFO [GroupCoordinator 0]: Assignment received from leader faust-0.11.0-1255e0b9-0ee2-41a5-b4ac-173ff96e82bb for group pcb-defect-detection for generation 13. The group has 1 members, 0 of which are static. (kafka.coordinator.group.GroupCoordinator)
[2024-06-16 17:27:30,839] INFO [GroupCoordinator 0]: Preparing to rebalance group pcb-defect-detection in state PreparingRebalance with old generation 13 (__consumer_offsets-3) (reason: Removing member faust-0.11.0-1255e0b9-0ee2-41a5-b4ac-173ff96e82bb on LeaveGroup; client reason: not provided) (kafka.coordinator.group.GroupCoordinator)
[2024-06-16 17:27:30,840] INFO [GroupCoordinator 0]: Group pcb-defect-detection with generation 14 is now empty (__consumer_offsets-3) (kafka.coordinator.group.GroupCoordinator)
[2024-06-16 17:27:30,841] INFO [GroupCoordinator 0]: Member MemberMetadata(memberId=faust-0.11.0-1255e0b9-0ee2-41a5-b4ac-173ff96e82bb, groupInstanceId=None, clientId=faust-0.11.0, clientHost=/127.0.0.1, sessionTimeoutMs=60000, rebalanceTimeoutMs=60000, supportedProtocols=List(faust)) has left group pcb-defect-detection through explicit `LeaveGroup`; client reason: not provided (kafka.coordinator.group.GroupCoordinator)
[2024-06-16 17:27:37,429] INFO [GroupCoordinator 0]: Dynamic member with unknown member id joins group pcb-defect-detection in Empty state. Created a new member id faust-0.11.0-35a89293-0eba-41ba-a882-82e337aa7df8 and request the member to rejoin with this id. (kafka.coordinator.group.GroupCoordinator)
[2024-06-16 17:27:37,455] INFO [GroupCoordinator 0]: Preparing to rebalance group pcb-defect-detection in state PreparingRebalance with old generation 14 (__consumer_offsets-3) (reason: Adding new member faust-0.11.0-35a89293-0eba-41ba-a882-82e337aa7df8 with group instance id None; client reason: not provided) (kafka.coordinator.group.GroupCoordinator)
[2024-06-16 17:27:37,525] INFO [GroupCoordinator 0]: Stabilized group pcb-defect-detection generation 15 (__consumer_offsets-3) with 1 members (kafka.coordinator.group.GroupCoordinator)
[2024-06-16 17:27:37,536] INFO [GroupCoordinator 0]: Assignment received from leader faust-0.11.0-35a89293-0eba-41ba-a882-82e337aa7df8 for group pcb-defect-detection for generation 15. The group has 1 members, 0 of which are static. (kafka.coordinator.group.GroupCoordinator)
[2024-06-16 17:30:41,740] INFO [GroupCoordinator 0]: Preparing to rebalance group pcb-defect-detection in state PreparingRebalance with old generation 15 (__consumer_offsets-3) (reason: Removing member faust-0.11.0-35a89293-0eba-41ba-a882-82e337aa7df8 on LeaveGroup; client reason: not provided) (kafka.coordinator.group.GroupCoordinator)
[2024-06-16 17:30:41,740] INFO [GroupCoordinator 0]: Group pcb-defect-detection with generation 16 is now empty (__consumer_offsets-3) (kafka.coordinator.group.GroupCoordinator)
[2024-06-16 17:30:41,741] INFO [GroupCoordinator 0]: Member MemberMetadata(memberId=faust-0.11.0-35a89293-0eba-41ba-a882-82e337aa7df8, groupInstanceId=None, clientId=faust-0.11.0, clientHost=/127.0.0.1, sessionTimeoutMs=60000, rebalanceTimeoutMs=60000, supportedProtocols=List(faust)) has left group pcb-defect-detection through explicit `LeaveGroup`; client reason: not provided (kafka.coordinator.group.GroupCoordinator)
[2024-06-16 17:30:47,038] INFO [GroupCoordinator 0]: Dynamic member with unknown member id joins group pcb-defect-detection in Empty state. Created a new member id faust-0.11.0-e13092ec-6463-462c-933c-77ee99bb0f9b and request the member to rejoin with this id. (kafka.coordinator.group.GroupCoordinator)
[2024-06-16 17:30:47,058] INFO [GroupCoordinator 0]: Preparing to rebalance group pcb-defect-detection in state PreparingRebalance with old generation 16 (__consumer_offsets-3) (reason: Adding new member faust-0.11.0-e13092ec-6463-462c-933c-77ee99bb0f9b with group instance id None; client reason: not provided) (kafka.coordinator.group.GroupCoordinator)
[2024-06-16 17:30:47,068] INFO [GroupCoordinator 0]: Stabilized group pcb-defect-detection generation 17 (__consumer_offsets-3) with 1 members (kafka.coordinator.group.GroupCoordinator)
[2024-06-16 17:30:47,074] INFO [GroupCoordinator 0]: Assignment received from leader faust-0.11.0-e13092ec-6463-462c-933c-77ee99bb0f9b for group pcb-defect-detection for generation 17. The group has 1 members, 0 of which are static. (kafka.coordinator.group.GroupCoordinator)
[2024-06-16 17:32:28,310] INFO [GroupCoordinator 0]: Preparing to rebalance group pcb-defect-detection in state PreparingRebalance with old generation 17 (__consumer_offsets-3) (reason: Removing member faust-0.11.0-e13092ec-6463-462c-933c-77ee99bb0f9b on LeaveGroup; client reason: not provided) (kafka.coordinator.group.GroupCoordinator)
[2024-06-16 17:32:28,313] INFO [GroupCoordinator 0]: Group pcb-defect-detection with generation 18 is now empty (__consumer_offsets-3) (kafka.coordinator.group.GroupCoordinator)
[2024-06-16 17:32:28,326] INFO [GroupCoordinator 0]: Member MemberMetadata(memberId=faust-0.11.0-e13092ec-6463-462c-933c-77ee99bb0f9b, groupInstanceId=None, clientId=faust-0.11.0, clientHost=/127.0.0.1, sessionTimeoutMs=60000, rebalanceTimeoutMs=60000, supportedProtocols=List(faust)) has left group pcb-defect-detection through explicit `LeaveGroup`; client reason: not provided (kafka.coordinator.group.GroupCoordinator)
[2024-06-16 17:32:34,743] INFO [GroupCoordinator 0]: Dynamic member with unknown member id joins group pcb-defect-detection in Empty state. Created a new member id faust-0.11.0-aa306900-cc3b-47a7-a0f0-09563b22875e and request the member to rejoin with this id. (kafka.coordinator.group.GroupCoordinator)
[2024-06-16 17:32:34,745] INFO [GroupCoordinator 0]: Preparing to rebalance group pcb-defect-detection in state PreparingRebalance with old generation 18 (__consumer_offsets-3) (reason: Adding new member faust-0.11.0-aa306900-cc3b-47a7-a0f0-09563b22875e with group instance id None; client reason: not provided) (kafka.coordinator.group.GroupCoordinator)
[2024-06-16 17:32:34,754] INFO [GroupCoordinator 0]: Stabilized group pcb-defect-detection generation 19 (__consumer_offsets-3) with 1 members (kafka.coordinator.group.GroupCoordinator)
[2024-06-16 17:32:34,802] INFO [GroupCoordinator 0]: Assignment received from leader faust-0.11.0-aa306900-cc3b-47a7-a0f0-09563b22875e for group pcb-defect-detection for generation 19. The group has 1 members, 0 of which are static. (kafka.coordinator.group.GroupCoordinator)
[2024-06-16 17:32:56,334] INFO [GroupCoordinator 0]: Preparing to rebalance group pcb-defect-detection in state PreparingRebalance with old generation 19 (__consumer_offsets-3) (reason: Removing member faust-0.11.0-aa306900-cc3b-47a7-a0f0-09563b22875e on LeaveGroup; client reason: not provided) (kafka.coordinator.group.GroupCoordinator)
[2024-06-16 17:32:56,334] INFO [GroupCoordinator 0]: Group pcb-defect-detection with generation 20 is now empty (__consumer_offsets-3) (kafka.coordinator.group.GroupCoordinator)
[2024-06-16 17:32:56,335] INFO [GroupCoordinator 0]: Member MemberMetadata(memberId=faust-0.11.0-aa306900-cc3b-47a7-a0f0-09563b22875e, groupInstanceId=None, clientId=faust-0.11.0, clientHost=/127.0.0.1, sessionTimeoutMs=60000, rebalanceTimeoutMs=60000, supportedProtocols=List(faust)) has left group pcb-defect-detection through explicit `LeaveGroup`; client reason: not provided (kafka.coordinator.group.GroupCoordinator)
[2024-06-16 17:33:50,962] INFO [GroupCoordinator 0]: Dynamic member with unknown member id joins group pcb-defect-detection in Empty state. Created a new member id faust-0.11.0-4d49c736-60b4-4c6e-863f-4d4bef353fd0 and request the member to rejoin with this id. (kafka.coordinator.group.GroupCoordinator)
[2024-06-16 17:33:50,973] INFO [GroupCoordinator 0]: Preparing to rebalance group pcb-defect-detection in state PreparingRebalance with old generation 20 (__consumer_offsets-3) (reason: Adding new member faust-0.11.0-4d49c736-60b4-4c6e-863f-4d4bef353fd0 with group instance id None; client reason: not provided) (kafka.coordinator.group.GroupCoordinator)
[2024-06-16 17:33:50,975] INFO [GroupCoordinator 0]: Stabilized group pcb-defect-detection generation 21 (__consumer_offsets-3) with 1 members (kafka.coordinator.group.GroupCoordinator)
[2024-06-16 17:33:50,986] INFO [GroupCoordinator 0]: Assignment received from leader faust-0.11.0-4d49c736-60b4-4c6e-863f-4d4bef353fd0 for group pcb-defect-detection for generation 21. The group has 1 members, 0 of which are static. (kafka.coordinator.group.GroupCoordinator)
[2024-06-16 17:39:17,049] INFO [GroupCoordinator 0]: Preparing to rebalance group pcb-defect-detection in state PreparingRebalance with old generation 21 (__consumer_offsets-3) (reason: Removing member faust-0.11.0-4d49c736-60b4-4c6e-863f-4d4bef353fd0 on LeaveGroup; client reason: not provided) (kafka.coordinator.group.GroupCoordinator)
[2024-06-16 17:39:17,049] INFO [GroupCoordinator 0]: Group pcb-defect-detection with generation 22 is now empty (__consumer_offsets-3) (kafka.coordinator.group.GroupCoordinator)
[2024-06-16 17:39:17,050] INFO [GroupCoordinator 0]: Member MemberMetadata(memberId=faust-0.11.0-4d49c736-60b4-4c6e-863f-4d4bef353fd0, groupInstanceId=None, clientId=faust-0.11.0, clientHost=/127.0.0.1, sessionTimeoutMs=60000, rebalanceTimeoutMs=60000, supportedProtocols=List(faust)) has left group pcb-defect-detection through explicit `LeaveGroup`; client reason: not provided (kafka.coordinator.group.GroupCoordinator)
[2024-06-16 17:39:23,025] INFO [GroupCoordinator 0]: Dynamic member with unknown member id joins group pcb-defect-detection in Empty state. Created a new member id faust-0.11.0-4c21ef9f-3fc4-4ae7-8c91-bfe7f423c300 and request the member to rejoin with this id. (kafka.coordinator.group.GroupCoordinator)
[2024-06-16 17:39:23,026] INFO [GroupCoordinator 0]: Preparing to rebalance group pcb-defect-detection in state PreparingRebalance with old generation 22 (__consumer_offsets-3) (reason: Adding new member faust-0.11.0-4c21ef9f-3fc4-4ae7-8c91-bfe7f423c300 with group instance id None; client reason: not provided) (kafka.coordinator.group.GroupCoordinator)
[2024-06-16 17:39:23,028] INFO [GroupCoordinator 0]: Stabilized group pcb-defect-detection generation 23 (__consumer_offsets-3) with 1 members (kafka.coordinator.group.GroupCoordinator)
[2024-06-16 17:39:23,031] INFO [GroupCoordinator 0]: Assignment received from leader faust-0.11.0-4c21ef9f-3fc4-4ae7-8c91-bfe7f423c300 for group pcb-defect-detection for generation 23. The group has 1 members, 0 of which are static. (kafka.coordinator.group.GroupCoordinator)
[2024-06-16 17:40:02,063] INFO [GroupCoordinator 0]: Preparing to rebalance group pcb-defect-detection in state PreparingRebalance with old generation 23 (__consumer_offsets-3) (reason: Removing member faust-0.11.0-4c21ef9f-3fc4-4ae7-8c91-bfe7f423c300 on LeaveGroup; client reason: not provided) (kafka.coordinator.group.GroupCoordinator)
[2024-06-16 17:40:02,064] INFO [GroupCoordinator 0]: Group pcb-defect-detection with generation 24 is now empty (__consumer_offsets-3) (kafka.coordinator.group.GroupCoordinator)
[2024-06-16 17:40:02,064] INFO [GroupCoordinator 0]: Member MemberMetadata(memberId=faust-0.11.0-4c21ef9f-3fc4-4ae7-8c91-bfe7f423c300, groupInstanceId=None, clientId=faust-0.11.0, clientHost=/127.0.0.1, sessionTimeoutMs=60000, rebalanceTimeoutMs=60000, supportedProtocols=List(faust)) has left group pcb-defect-detection through explicit `LeaveGroup`; client reason: not provided (kafka.coordinator.group.GroupCoordinator)
[2024-06-16 17:40:07,848] INFO [GroupCoordinator 0]: Dynamic member with unknown member id joins group pcb-defect-detection in Empty state. Created a new member id faust-0.11.0-b0f73cd1-ef4c-49b2-85c5-bda164eacc15 and request the member to rejoin with this id. (kafka.coordinator.group.GroupCoordinator)
[2024-06-16 17:40:07,850] INFO [GroupCoordinator 0]: Preparing to rebalance group pcb-defect-detection in state PreparingRebalance with old generation 24 (__consumer_offsets-3) (reason: Adding new member faust-0.11.0-b0f73cd1-ef4c-49b2-85c5-bda164eacc15 with group instance id None; client reason: not provided) (kafka.coordinator.group.GroupCoordinator)
[2024-06-16 17:40:07,851] INFO [GroupCoordinator 0]: Stabilized group pcb-defect-detection generation 25 (__consumer_offsets-3) with 1 members (kafka.coordinator.group.GroupCoordinator)
[2024-06-16 17:40:07,854] INFO [GroupCoordinator 0]: Assignment received from leader faust-0.11.0-b0f73cd1-ef4c-49b2-85c5-bda164eacc15 for group pcb-defect-detection for generation 25. The group has 1 members, 0 of which are static. (kafka.coordinator.group.GroupCoordinator)
[2024-06-16 17:40:23,632] INFO [GroupCoordinator 0]: Preparing to rebalance group pcb-defect-detection in state PreparingRebalance with old generation 25 (__consumer_offsets-3) (reason: Removing member faust-0.11.0-b0f73cd1-ef4c-49b2-85c5-bda164eacc15 on LeaveGroup; client reason: not provided) (kafka.coordinator.group.GroupCoordinator)
[2024-06-16 17:40:23,642] INFO [GroupCoordinator 0]: Group pcb-defect-detection with generation 26 is now empty (__consumer_offsets-3) (kafka.coordinator.group.GroupCoordinator)
[2024-06-16 17:40:23,654] INFO [GroupCoordinator 0]: Member MemberMetadata(memberId=faust-0.11.0-b0f73cd1-ef4c-49b2-85c5-bda164eacc15, groupInstanceId=None, clientId=faust-0.11.0, clientHost=/127.0.0.1, sessionTimeoutMs=60000, rebalanceTimeoutMs=60000, supportedProtocols=List(faust)) has left group pcb-defect-detection through explicit `LeaveGroup`; client reason: not provided (kafka.coordinator.group.GroupCoordinator)
[2024-06-16 17:40:29,878] INFO [GroupCoordinator 0]: Dynamic member with unknown member id joins group pcb-defect-detection in Empty state. Created a new member id faust-0.11.0-a24cf7b1-fd2b-41d8-9952-4eed7529f49e and request the member to rejoin with this id. (kafka.coordinator.group.GroupCoordinator)
[2024-06-16 17:40:29,880] INFO [GroupCoordinator 0]: Preparing to rebalance group pcb-defect-detection in state PreparingRebalance with old generation 26 (__consumer_offsets-3) (reason: Adding new member faust-0.11.0-a24cf7b1-fd2b-41d8-9952-4eed7529f49e with group instance id None; client reason: not provided) (kafka.coordinator.group.GroupCoordinator)
[2024-06-16 17:40:29,881] INFO [GroupCoordinator 0]: Stabilized group pcb-defect-detection generation 27 (__consumer_offsets-3) with 1 members (kafka.coordinator.group.GroupCoordinator)
[2024-06-16 17:40:29,883] INFO [GroupCoordinator 0]: Assignment received from leader faust-0.11.0-a24cf7b1-fd2b-41d8-9952-4eed7529f49e for group pcb-defect-detection for generation 27. The group has 1 members, 0 of which are static. (kafka.coordinator.group.GroupCoordinator)
[2024-06-16 17:41:30,599] INFO [GroupCoordinator 0]: Preparing to rebalance group pcb-defect-detection in state PreparingRebalance with old generation 27 (__consumer_offsets-3) (reason: Removing member faust-0.11.0-a24cf7b1-fd2b-41d8-9952-4eed7529f49e on LeaveGroup; client reason: not provided) (kafka.coordinator.group.GroupCoordinator)
[2024-06-16 17:41:30,599] INFO [GroupCoordinator 0]: Group pcb-defect-detection with generation 28 is now empty (__consumer_offsets-3) (kafka.coordinator.group.GroupCoordinator)
[2024-06-16 17:41:30,601] INFO [GroupCoordinator 0]: Member MemberMetadata(memberId=faust-0.11.0-a24cf7b1-fd2b-41d8-9952-4eed7529f49e, groupInstanceId=None, clientId=faust-0.11.0, clientHost=/127.0.0.1, sessionTimeoutMs=60000, rebalanceTimeoutMs=60000, supportedProtocols=List(faust)) has left group pcb-defect-detection through explicit `LeaveGroup`; client reason: not provided (kafka.coordinator.group.GroupCoordinator)
[2024-06-16 17:41:35,921] INFO [GroupCoordinator 0]: Dynamic member with unknown member id joins group pcb-defect-detection in Empty state. Created a new member id faust-0.11.0-37f2878b-e530-4529-8f5c-5fe5a7b7722a and request the member to rejoin with this id. (kafka.coordinator.group.GroupCoordinator)
[2024-06-16 17:41:35,923] INFO [GroupCoordinator 0]: Preparing to rebalance group pcb-defect-detection in state PreparingRebalance with old generation 28 (__consumer_offsets-3) (reason: Adding new member faust-0.11.0-37f2878b-e530-4529-8f5c-5fe5a7b7722a with group instance id None; client reason: not provided) (kafka.coordinator.group.GroupCoordinator)
[2024-06-16 17:41:35,924] INFO [GroupCoordinator 0]: Stabilized group pcb-defect-detection generation 29 (__consumer_offsets-3) with 1 members (kafka.coordinator.group.GroupCoordinator)
[2024-06-16 17:41:35,927] INFO [GroupCoordinator 0]: Assignment received from leader faust-0.11.0-37f2878b-e530-4529-8f5c-5fe5a7b7722a for group pcb-defect-detection for generation 29. The group has 1 members, 0 of which are static. (kafka.coordinator.group.GroupCoordinator)
[2024-06-16 17:41:47,139] INFO [GroupCoordinator 0]: Preparing to rebalance group pcb-defect-detection in state PreparingRebalance with old generation 29 (__consumer_offsets-3) (reason: Removing member faust-0.11.0-37f2878b-e530-4529-8f5c-5fe5a7b7722a on LeaveGroup; client reason: not provided) (kafka.coordinator.group.GroupCoordinator)
[2024-06-16 17:41:47,139] INFO [GroupCoordinator 0]: Group pcb-defect-detection with generation 30 is now empty (__consumer_offsets-3) (kafka.coordinator.group.GroupCoordinator)
[2024-06-16 17:41:47,140] INFO [GroupCoordinator 0]: Member MemberMetadata(memberId=faust-0.11.0-37f2878b-e530-4529-8f5c-5fe5a7b7722a, groupInstanceId=None, clientId=faust-0.11.0, clientHost=/127.0.0.1, sessionTimeoutMs=60000, rebalanceTimeoutMs=60000, supportedProtocols=List(faust)) has left group pcb-defect-detection through explicit `LeaveGroup`; client reason: not provided (kafka.coordinator.group.GroupCoordinator)
[2024-06-16 17:43:40,023] INFO [GroupCoordinator 0]: Dynamic member with unknown member id joins group pcb-defect-detection in Empty state. Created a new member id faust-0.11.0-e8eefad8-75da-440d-9df4-7a20775d5f88 and request the member to rejoin with this id. (kafka.coordinator.group.GroupCoordinator)
[2024-06-16 17:43:40,025] INFO [GroupCoordinator 0]: Preparing to rebalance group pcb-defect-detection in state PreparingRebalance with old generation 30 (__consumer_offsets-3) (reason: Adding new member faust-0.11.0-e8eefad8-75da-440d-9df4-7a20775d5f88 with group instance id None; client reason: not provided) (kafka.coordinator.group.GroupCoordinator)
[2024-06-16 17:43:40,026] INFO [GroupCoordinator 0]: Stabilized group pcb-defect-detection generation 31 (__consumer_offsets-3) with 1 members (kafka.coordinator.group.GroupCoordinator)
[2024-06-16 17:43:40,029] INFO [GroupCoordinator 0]: Assignment received from leader faust-0.11.0-e8eefad8-75da-440d-9df4-7a20775d5f88 for group pcb-defect-detection for generation 31. The group has 1 members, 0 of which are static. (kafka.coordinator.group.GroupCoordinator)
[2024-06-16 17:43:46,212] INFO [GroupCoordinator 0]: Preparing to rebalance group pcb-defect-detection in state PreparingRebalance with old generation 31 (__consumer_offsets-3) (reason: Removing member faust-0.11.0-e8eefad8-75da-440d-9df4-7a20775d5f88 on LeaveGroup; client reason: not provided) (kafka.coordinator.group.GroupCoordinator)
[2024-06-16 17:43:46,218] INFO [GroupCoordinator 0]: Group pcb-defect-detection with generation 32 is now empty (__consumer_offsets-3) (kafka.coordinator.group.GroupCoordinator)
[2024-06-16 17:43:46,225] INFO [GroupCoordinator 0]: Member MemberMetadata(memberId=faust-0.11.0-e8eefad8-75da-440d-9df4-7a20775d5f88, groupInstanceId=None, clientId=faust-0.11.0, clientHost=/127.0.0.1, sessionTimeoutMs=60000, rebalanceTimeoutMs=60000, supportedProtocols=List(faust)) has left group pcb-defect-detection through explicit `LeaveGroup`; client reason: not provided (kafka.coordinator.group.GroupCoordinator)
[2024-06-16 17:43:57,876] INFO [GroupCoordinator 0]: Dynamic member with unknown member id joins group pcb-defect-detection in Empty state. Created a new member id faust-0.11.0-9df546f4-77af-4f72-b4a8-7669c9be27d4 and request the member to rejoin with this id. (kafka.coordinator.group.GroupCoordinator)
[2024-06-16 17:43:57,877] INFO [GroupCoordinator 0]: Preparing to rebalance group pcb-defect-detection in state PreparingRebalance with old generation 32 (__consumer_offsets-3) (reason: Adding new member faust-0.11.0-9df546f4-77af-4f72-b4a8-7669c9be27d4 with group instance id None; client reason: not provided) (kafka.coordinator.group.GroupCoordinator)
[2024-06-16 17:43:57,878] INFO [GroupCoordinator 0]: Stabilized group pcb-defect-detection generation 33 (__consumer_offsets-3) with 1 members (kafka.coordinator.group.GroupCoordinator)
[2024-06-16 17:43:57,884] INFO [GroupCoordinator 0]: Assignment received from leader faust-0.11.0-9df546f4-77af-4f72-b4a8-7669c9be27d4 for group pcb-defect-detection for generation 33. The group has 1 members, 0 of which are static. (kafka.coordinator.group.GroupCoordinator)
[2024-06-16 17:46:21,043] INFO [GroupCoordinator 0]: Preparing to rebalance group pcb-defect-detection in state PreparingRebalance with old generation 33 (__consumer_offsets-3) (reason: Removing member faust-0.11.0-9df546f4-77af-4f72-b4a8-7669c9be27d4 on LeaveGroup; client reason: not provided) (kafka.coordinator.group.GroupCoordinator)
[2024-06-16 17:46:21,043] INFO [GroupCoordinator 0]: Group pcb-defect-detection with generation 34 is now empty (__consumer_offsets-3) (kafka.coordinator.group.GroupCoordinator)
[2024-06-16 17:46:21,044] INFO [GroupCoordinator 0]: Member MemberMetadata(memberId=faust-0.11.0-9df546f4-77af-4f72-b4a8-7669c9be27d4, groupInstanceId=None, clientId=faust-0.11.0, clientHost=/127.0.0.1, sessionTimeoutMs=60000, rebalanceTimeoutMs=60000, supportedProtocols=List(faust)) has left group pcb-defect-detection through explicit `LeaveGroup`; client reason: not provided (kafka.coordinator.group.GroupCoordinator)
[2024-06-16 17:46:26,430] INFO [GroupCoordinator 0]: Dynamic member with unknown member id joins group pcb-defect-detection in Empty state. Created a new member id faust-0.11.0-8b1db8b8-4302-4b5f-b989-5050f0a8fede and request the member to rejoin with this id. (kafka.coordinator.group.GroupCoordinator)
[2024-06-16 17:46:26,432] INFO [GroupCoordinator 0]: Preparing to rebalance group pcb-defect-detection in state PreparingRebalance with old generation 34 (__consumer_offsets-3) (reason: Adding new member faust-0.11.0-8b1db8b8-4302-4b5f-b989-5050f0a8fede with group instance id None; client reason: not provided) (kafka.coordinator.group.GroupCoordinator)
[2024-06-16 17:46:26,432] INFO [GroupCoordinator 0]: Stabilized group pcb-defect-detection generation 35 (__consumer_offsets-3) with 1 members (kafka.coordinator.group.GroupCoordinator)
[2024-06-16 17:46:26,435] INFO [GroupCoordinator 0]: Assignment received from leader faust-0.11.0-8b1db8b8-4302-4b5f-b989-5050f0a8fede for group pcb-defect-detection for generation 35. The group has 1 members, 0 of which are static. (kafka.coordinator.group.GroupCoordinator)
[2024-06-16 17:47:12,350] INFO [GroupCoordinator 0]: Preparing to rebalance group pcb-defect-detection in state PreparingRebalance with old generation 35 (__consumer_offsets-3) (reason: Removing member faust-0.11.0-8b1db8b8-4302-4b5f-b989-5050f0a8fede on LeaveGroup; client reason: not provided) (kafka.coordinator.group.GroupCoordinator)
[2024-06-16 17:47:12,351] INFO [GroupCoordinator 0]: Group pcb-defect-detection with generation 36 is now empty (__consumer_offsets-3) (kafka.coordinator.group.GroupCoordinator)
[2024-06-16 17:47:12,352] INFO [GroupCoordinator 0]: Member MemberMetadata(memberId=faust-0.11.0-8b1db8b8-4302-4b5f-b989-5050f0a8fede, groupInstanceId=None, clientId=faust-0.11.0, clientHost=/127.0.0.1, sessionTimeoutMs=60000, rebalanceTimeoutMs=60000, supportedProtocols=List(faust)) has left group pcb-defect-detection through explicit `LeaveGroup`; client reason: not provided (kafka.coordinator.group.GroupCoordinator)
[2024-06-16 17:48:29,700] INFO [GroupCoordinator 0]: Dynamic member with unknown member id joins group pcb-defect-detection in Empty state. Created a new member id faust-0.11.0-80e3f0a5-8676-4e65-8e54-db43843b0a91 and request the member to rejoin with this id. (kafka.coordinator.group.GroupCoordinator)
[2024-06-16 17:48:29,703] INFO [GroupCoordinator 0]: Preparing to rebalance group pcb-defect-detection in state PreparingRebalance with old generation 36 (__consumer_offsets-3) (reason: Adding new member faust-0.11.0-80e3f0a5-8676-4e65-8e54-db43843b0a91 with group instance id None; client reason: not provided) (kafka.coordinator.group.GroupCoordinator)
[2024-06-16 17:48:29,704] INFO [GroupCoordinator 0]: Stabilized group pcb-defect-detection generation 37 (__consumer_offsets-3) with 1 members (kafka.coordinator.group.GroupCoordinator)
[2024-06-16 17:48:29,707] INFO [GroupCoordinator 0]: Assignment received from leader faust-0.11.0-80e3f0a5-8676-4e65-8e54-db43843b0a91 for group pcb-defect-detection for generation 37. The group has 1 members, 0 of which are static. (kafka.coordinator.group.GroupCoordinator)
[2024-06-16 17:48:56,764] INFO [GroupCoordinator 0]: Preparing to rebalance group pcb-defect-detection in state PreparingRebalance with old generation 37 (__consumer_offsets-3) (reason: Removing member faust-0.11.0-80e3f0a5-8676-4e65-8e54-db43843b0a91 on LeaveGroup; client reason: not provided) (kafka.coordinator.group.GroupCoordinator)
[2024-06-16 17:48:56,764] INFO [GroupCoordinator 0]: Group pcb-defect-detection with generation 38 is now empty (__consumer_offsets-3) (kafka.coordinator.group.GroupCoordinator)
[2024-06-16 17:48:56,765] INFO [GroupCoordinator 0]: Member MemberMetadata(memberId=faust-0.11.0-80e3f0a5-8676-4e65-8e54-db43843b0a91, groupInstanceId=None, clientId=faust-0.11.0, clientHost=/127.0.0.1, sessionTimeoutMs=60000, rebalanceTimeoutMs=60000, supportedProtocols=List(faust)) has left group pcb-defect-detection through explicit `LeaveGroup`; client reason: not provided (kafka.coordinator.group.GroupCoordinator)
[2024-06-16 17:49:02,551] INFO [GroupCoordinator 0]: Dynamic member with unknown member id joins group pcb-defect-detection in Empty state. Created a new member id faust-0.11.0-6e7e289b-41dc-40c6-8b53-f719ea815fd9 and request the member to rejoin with this id. (kafka.coordinator.group.GroupCoordinator)
[2024-06-16 17:49:02,553] INFO [GroupCoordinator 0]: Preparing to rebalance group pcb-defect-detection in state PreparingRebalance with old generation 38 (__consumer_offsets-3) (reason: Adding new member faust-0.11.0-6e7e289b-41dc-40c6-8b53-f719ea815fd9 with group instance id None; client reason: not provided) (kafka.coordinator.group.GroupCoordinator)
[2024-06-16 17:49:02,554] INFO [GroupCoordinator 0]: Stabilized group pcb-defect-detection generation 39 (__consumer_offsets-3) with 1 members (kafka.coordinator.group.GroupCoordinator)
[2024-06-16 17:49:02,557] INFO [GroupCoordinator 0]: Assignment received from leader faust-0.11.0-6e7e289b-41dc-40c6-8b53-f719ea815fd9 for group pcb-defect-detection for generation 39. The group has 1 members, 0 of which are static. (kafka.coordinator.group.GroupCoordinator)
[2024-06-16 17:49:14,731] INFO [GroupCoordinator 0]: Preparing to rebalance group pcb-defect-detection in state PreparingRebalance with old generation 39 (__consumer_offsets-3) (reason: Removing member faust-0.11.0-6e7e289b-41dc-40c6-8b53-f719ea815fd9 on LeaveGroup; client reason: not provided) (kafka.coordinator.group.GroupCoordinator)
[2024-06-16 17:49:14,731] INFO [GroupCoordinator 0]: Group pcb-defect-detection with generation 40 is now empty (__consumer_offsets-3) (kafka.coordinator.group.GroupCoordinator)
[2024-06-16 17:49:14,732] INFO [GroupCoordinator 0]: Member MemberMetadata(memberId=faust-0.11.0-6e7e289b-41dc-40c6-8b53-f719ea815fd9, groupInstanceId=None, clientId=faust-0.11.0, clientHost=/127.0.0.1, sessionTimeoutMs=60000, rebalanceTimeoutMs=60000, supportedProtocols=List(faust)) has left group pcb-defect-detection through explicit `LeaveGroup`; client reason: not provided (kafka.coordinator.group.GroupCoordinator)
[2024-06-16 17:49:20,059] INFO [GroupCoordinator 0]: Dynamic member with unknown member id joins group pcb-defect-detection in Empty state. Created a new member id faust-0.11.0-075f75db-63e2-4b97-a709-098f12c6a6ae and request the member to rejoin with this id. (kafka.coordinator.group.GroupCoordinator)
[2024-06-16 17:49:20,060] INFO [GroupCoordinator 0]: Preparing to rebalance group pcb-defect-detection in state PreparingRebalance with old generation 40 (__consumer_offsets-3) (reason: Adding new member faust-0.11.0-075f75db-63e2-4b97-a709-098f12c6a6ae with group instance id None; client reason: not provided) (kafka.coordinator.group.GroupCoordinator)
[2024-06-16 17:49:20,061] INFO [GroupCoordinator 0]: Stabilized group pcb-defect-detection generation 41 (__consumer_offsets-3) with 1 members (kafka.coordinator.group.GroupCoordinator)
[2024-06-16 17:49:20,064] INFO [GroupCoordinator 0]: Assignment received from leader faust-0.11.0-075f75db-63e2-4b97-a709-098f12c6a6ae for group pcb-defect-detection for generation 41. The group has 1 members, 0 of which are static. (kafka.coordinator.group.GroupCoordinator)
[2024-06-16 17:49:33,342] INFO [GroupCoordinator 0]: Preparing to rebalance group pcb-defect-detection in state PreparingRebalance with old generation 41 (__consumer_offsets-3) (reason: Removing member faust-0.11.0-075f75db-63e2-4b97-a709-098f12c6a6ae on LeaveGroup; client reason: not provided) (kafka.coordinator.group.GroupCoordinator)
[2024-06-16 17:49:33,342] INFO [GroupCoordinator 0]: Group pcb-defect-detection with generation 42 is now empty (__consumer_offsets-3) (kafka.coordinator.group.GroupCoordinator)
[2024-06-16 17:49:33,343] INFO [GroupCoordinator 0]: Member MemberMetadata(memberId=faust-0.11.0-075f75db-63e2-4b97-a709-098f12c6a6ae, groupInstanceId=None, clientId=faust-0.11.0, clientHost=/127.0.0.1, sessionTimeoutMs=60000, rebalanceTimeoutMs=60000, supportedProtocols=List(faust)) has left group pcb-defect-detection through explicit `LeaveGroup`; client reason: not provided (kafka.coordinator.group.GroupCoordinator)
[2024-06-16 17:49:41,097] WARN Session 0x10000a3dfb10000 for server localhost/127.0.0.1:2181, Closing socket connection. Attempting reconnect except it is a SessionExpiredException. (org.apache.zookeeper.ClientCnxn)
EndOfStreamException: Unable to read additional data from server sessionid 0x10000a3dfb10000, likely server has closed socket
	at org.apache.zookeeper.ClientCnxnSocketNIO.doIO(ClientCnxnSocketNIO.java:77)
	at org.apache.zookeeper.ClientCnxnSocketNIO.doTransport(ClientCnxnSocketNIO.java:350)
	at org.apache.zookeeper.ClientCnxn$SendThread.run(ClientCnxn.java:1289)
[2024-06-16 17:49:42,510] INFO Opening socket connection to server localhost/127.0.0.1:2181. (org.apache.zookeeper.ClientCnxn)
[2024-06-16 17:49:42,511] WARN Session 0x10000a3dfb10000 for server localhost/127.0.0.1:2181, Closing socket connection. Attempting reconnect except it is a SessionExpiredException. (org.apache.zookeeper.ClientCnxn)
java.net.ConnectException: Connection refused
	at java.base/sun.nio.ch.SocketChannelImpl.checkConnect(Native Method)
	at java.base/sun.nio.ch.SocketChannelImpl.finishConnect(SocketChannelImpl.java:777)
	at org.apache.zookeeper.ClientCnxnSocketNIO.doTransport(ClientCnxnSocketNIO.java:344)
	at org.apache.zookeeper.ClientCnxn$SendThread.run(ClientCnxn.java:1289)
[2024-06-16 17:49:44,181] INFO Opening socket connection to server localhost/127.0.0.1:2181. (org.apache.zookeeper.ClientCnxn)
[2024-06-16 17:49:44,181] WARN Session 0x10000a3dfb10000 for server localhost/127.0.0.1:2181, Closing socket connection. Attempting reconnect except it is a SessionExpiredException. (org.apache.zookeeper.ClientCnxn)
java.net.ConnectException: Connection refused
	at java.base/sun.nio.ch.SocketChannelImpl.checkConnect(Native Method)
	at java.base/sun.nio.ch.SocketChannelImpl.finishConnect(SocketChannelImpl.java:777)
	at org.apache.zookeeper.ClientCnxnSocketNIO.doTransport(ClientCnxnSocketNIO.java:344)
	at org.apache.zookeeper.ClientCnxn$SendThread.run(ClientCnxn.java:1289)
[2024-06-16 17:49:45,949] INFO Opening socket connection to server localhost/127.0.0.1:2181. (org.apache.zookeeper.ClientCnxn)
[2024-06-16 17:49:45,949] WARN Session 0x10000a3dfb10000 for server localhost/127.0.0.1:2181, Closing socket connection. Attempting reconnect except it is a SessionExpiredException. (org.apache.zookeeper.ClientCnxn)
java.net.ConnectException: Connection refused
	at java.base/sun.nio.ch.SocketChannelImpl.checkConnect(Native Method)
	at java.base/sun.nio.ch.SocketChannelImpl.finishConnect(SocketChannelImpl.java:777)
	at org.apache.zookeeper.ClientCnxnSocketNIO.doTransport(ClientCnxnSocketNIO.java:344)
	at org.apache.zookeeper.ClientCnxn$SendThread.run(ClientCnxn.java:1289)
[2024-06-16 17:49:46,463] INFO Terminating process due to signal SIGHUP (org.apache.kafka.common.utils.LoggingSignalHandler)
[2024-06-16 17:49:46,463] INFO Terminating process due to signal SIGHUP (org.apache.kafka.common.utils.LoggingSignalHandler)
[2024-06-16 17:49:46,476] INFO [KafkaServer id=0] shutting down (kafka.server.KafkaServer)
[2024-06-16 17:49:46,478] INFO [KafkaServer id=0] Starting controlled shutdown (kafka.server.KafkaServer)
[2024-06-16 17:49:46,577] INFO [KafkaServer id=0] Controlled shutdown request returned successfully after 52ms (kafka.server.KafkaServer)
[2024-06-16 17:49:46,589] INFO [/config/changes-event-process-thread]: Shutting down (kafka.common.ZkNodeChangeNotificationListener$ChangeEventProcessThread)
[2024-06-16 17:49:46,591] INFO [/config/changes-event-process-thread]: Shutdown completed (kafka.common.ZkNodeChangeNotificationListener$ChangeEventProcessThread)
[2024-06-16 17:49:46,590] INFO [/config/changes-event-process-thread]: Stopped (kafka.common.ZkNodeChangeNotificationListener$ChangeEventProcessThread)
[2024-06-16 17:49:46,594] INFO [SocketServer listenerType=ZK_BROKER, nodeId=0] Stopping socket server request processors (kafka.network.SocketServer)
[2024-06-16 17:49:46,641] INFO [SocketServer listenerType=ZK_BROKER, nodeId=0] Stopped socket server request processors (kafka.network.SocketServer)
[2024-06-16 17:49:46,642] INFO [data-plane Kafka Request Handler on Broker 0], shutting down (kafka.server.KafkaRequestHandlerPool)
[2024-06-16 17:49:46,669] INFO [data-plane Kafka Request Handler on Broker 0], shut down completely (kafka.server.KafkaRequestHandlerPool)
[2024-06-16 17:49:46,737] INFO [ExpirationReaper-0-AlterAcls]: Shutting down (kafka.server.DelayedOperationPurgatory$ExpiredOperationReaper)
[2024-06-16 17:49:46,745] INFO [ExpirationReaper-0-AlterAcls]: Stopped (kafka.server.DelayedOperationPurgatory$ExpiredOperationReaper)
[2024-06-16 17:49:46,746] INFO [ExpirationReaper-0-AlterAcls]: Shutdown completed (kafka.server.DelayedOperationPurgatory$ExpiredOperationReaper)
[2024-06-16 17:49:46,757] INFO [KafkaApi-0] Shutdown complete. (kafka.server.KafkaApis)
[2024-06-16 17:49:46,758] INFO [ExpirationReaper-0-topic]: Shutting down (kafka.server.DelayedOperationPurgatory$ExpiredOperationReaper)
[2024-06-16 17:49:46,761] INFO [ExpirationReaper-0-topic]: Stopped (kafka.server.DelayedOperationPurgatory$ExpiredOperationReaper)
[2024-06-16 17:49:46,761] INFO [ExpirationReaper-0-topic]: Shutdown completed (kafka.server.DelayedOperationPurgatory$ExpiredOperationReaper)
[2024-06-16 17:49:46,765] INFO [TransactionCoordinator id=0] Shutting down. (kafka.coordinator.transaction.TransactionCoordinator)
[2024-06-16 17:49:46,767] INFO [Transaction State Manager 0]: Shutdown complete (kafka.coordinator.transaction.TransactionStateManager)
[2024-06-16 17:49:46,768] INFO [TxnMarkerSenderThread-0]: Shutting down (kafka.coordinator.transaction.TransactionMarkerChannelManager)
[2024-06-16 17:49:46,768] INFO [TxnMarkerSenderThread-0]: Shutdown completed (kafka.coordinator.transaction.TransactionMarkerChannelManager)
[2024-06-16 17:49:46,768] INFO [TxnMarkerSenderThread-0]: Stopped (kafka.coordinator.transaction.TransactionMarkerChannelManager)
[2024-06-16 17:49:46,771] INFO [TransactionCoordinator id=0] Shutdown complete. (kafka.coordinator.transaction.TransactionCoordinator)
[2024-06-16 17:49:46,772] INFO [GroupCoordinator 0]: Shutting down. (kafka.coordinator.group.GroupCoordinator)
[2024-06-16 17:49:46,796] INFO [ExpirationReaper-0-Heartbeat]: Shutting down (kafka.server.DelayedOperationPurgatory$ExpiredOperationReaper)
[2024-06-16 17:49:46,819] INFO [ExpirationReaper-0-Heartbeat]: Stopped (kafka.server.DelayedOperationPurgatory$ExpiredOperationReaper)
[2024-06-16 17:49:46,831] INFO [ExpirationReaper-0-Heartbeat]: Shutdown completed (kafka.server.DelayedOperationPurgatory$ExpiredOperationReaper)
[2024-06-16 17:49:46,832] INFO [ExpirationReaper-0-Rebalance]: Shutting down (kafka.server.DelayedOperationPurgatory$ExpiredOperationReaper)
[2024-06-16 17:49:46,833] INFO [ExpirationReaper-0-Rebalance]: Stopped (kafka.server.DelayedOperationPurgatory$ExpiredOperationReaper)
[2024-06-16 17:49:46,833] INFO [ExpirationReaper-0-Rebalance]: Shutdown completed (kafka.server.DelayedOperationPurgatory$ExpiredOperationReaper)
[2024-06-16 17:49:46,834] INFO [GroupCoordinator 0]: Shutdown complete. (kafka.coordinator.group.GroupCoordinator)
[2024-06-16 17:49:46,836] INFO [ReplicaManager broker=0] Shutting down (kafka.server.ReplicaManager)
[2024-06-16 17:49:46,855] INFO [LogDirFailureHandler]: Shutting down (kafka.server.ReplicaManager$LogDirFailureHandler)
[2024-06-16 17:49:46,875] INFO [LogDirFailureHandler]: Shutdown completed (kafka.server.ReplicaManager$LogDirFailureHandler)
[2024-06-16 17:49:46,877] INFO [ReplicaFetcherManager on broker 0] shutting down (kafka.server.ReplicaFetcherManager)
[2024-06-16 17:49:46,858] INFO [LogDirFailureHandler]: Stopped (kafka.server.ReplicaManager$LogDirFailureHandler)
[2024-06-16 17:49:46,887] INFO [ReplicaFetcherManager on broker 0] shutdown completed (kafka.server.ReplicaFetcherManager)
[2024-06-16 17:49:46,888] INFO [ReplicaAlterLogDirsManager on broker 0] shutting down (kafka.server.ReplicaAlterLogDirsManager)
[2024-06-16 17:49:46,894] INFO [ReplicaAlterLogDirsManager on broker 0] shutdown completed (kafka.server.ReplicaAlterLogDirsManager)
[2024-06-16 17:49:46,895] INFO [ExpirationReaper-0-Fetch]: Shutting down (kafka.server.DelayedOperationPurgatory$ExpiredOperationReaper)
[2024-06-16 17:49:46,896] INFO [ExpirationReaper-0-Fetch]: Stopped (kafka.server.DelayedOperationPurgatory$ExpiredOperationReaper)
[2024-06-16 17:49:46,896] INFO [ExpirationReaper-0-Fetch]: Shutdown completed (kafka.server.DelayedOperationPurgatory$ExpiredOperationReaper)
[2024-06-16 17:49:46,898] INFO [ExpirationReaper-0-RemoteFetch]: Shutting down (kafka.server.DelayedOperationPurgatory$ExpiredOperationReaper)
[2024-06-16 17:49:46,899] INFO [ExpirationReaper-0-RemoteFetch]: Stopped (kafka.server.DelayedOperationPurgatory$ExpiredOperationReaper)
[2024-06-16 17:49:46,899] INFO [ExpirationReaper-0-RemoteFetch]: Shutdown completed (kafka.server.DelayedOperationPurgatory$ExpiredOperationReaper)
[2024-06-16 17:49:46,905] INFO [ExpirationReaper-0-Produce]: Shutting down (kafka.server.DelayedOperationPurgatory$ExpiredOperationReaper)
[2024-06-16 17:49:46,906] INFO [ExpirationReaper-0-Produce]: Stopped (kafka.server.DelayedOperationPurgatory$ExpiredOperationReaper)
[2024-06-16 17:49:46,906] INFO [ExpirationReaper-0-Produce]: Shutdown completed (kafka.server.DelayedOperationPurgatory$ExpiredOperationReaper)
[2024-06-16 17:49:46,907] INFO [ExpirationReaper-0-DeleteRecords]: Shutting down (kafka.server.DelayedOperationPurgatory$ExpiredOperationReaper)
[2024-06-16 17:49:46,912] INFO [ExpirationReaper-0-DeleteRecords]: Stopped (kafka.server.DelayedOperationPurgatory$ExpiredOperationReaper)
[2024-06-16 17:49:46,912] INFO [ExpirationReaper-0-DeleteRecords]: Shutdown completed (kafka.server.DelayedOperationPurgatory$ExpiredOperationReaper)
[2024-06-16 17:49:46,925] INFO [ExpirationReaper-0-ElectLeader]: Shutting down (kafka.server.DelayedOperationPurgatory$ExpiredOperationReaper)
[2024-06-16 17:49:46,928] INFO [ExpirationReaper-0-ElectLeader]: Stopped (kafka.server.DelayedOperationPurgatory$ExpiredOperationReaper)
[2024-06-16 17:49:46,928] INFO [ExpirationReaper-0-ElectLeader]: Shutdown completed (kafka.server.DelayedOperationPurgatory$ExpiredOperationReaper)
[2024-06-16 17:49:46,990] INFO [AddPartitionsToTxnSenderThread-0]: Shutting down (kafka.server.AddPartitionsToTxnManager)
[2024-06-16 17:49:46,991] INFO [AddPartitionsToTxnSenderThread-0]: Shutdown completed (kafka.server.AddPartitionsToTxnManager)
[2024-06-16 17:49:46,991] INFO [AddPartitionsToTxnSenderThread-0]: Stopped (kafka.server.AddPartitionsToTxnManager)
[2024-06-16 17:49:46,995] INFO [ReplicaManager broker=0] Shut down completely (kafka.server.ReplicaManager)
[2024-06-16 17:49:46,998] INFO [zk-broker-0-to-controller-alter-partition-channel-manager]: Shutting down (kafka.server.NodeToControllerRequestThread)
[2024-06-16 17:49:46,999] INFO [zk-broker-0-to-controller-alter-partition-channel-manager]: Stopped (kafka.server.NodeToControllerRequestThread)
[2024-06-16 17:49:47,000] INFO [zk-broker-0-to-controller-alter-partition-channel-manager]: Shutdown completed (kafka.server.NodeToControllerRequestThread)
[2024-06-16 17:49:47,014] INFO Node to controller channel manager for alter-partition shutdown (kafka.server.NodeToControllerChannelManagerImpl)
[2024-06-16 17:49:47,015] INFO [zk-broker-0-to-controller-forwarding-channel-manager]: Shutting down (kafka.server.NodeToControllerRequestThread)
[2024-06-16 17:49:47,015] INFO [zk-broker-0-to-controller-forwarding-channel-manager]: Stopped (kafka.server.NodeToControllerRequestThread)
[2024-06-16 17:49:47,018] INFO [zk-broker-0-to-controller-forwarding-channel-manager]: Shutdown completed (kafka.server.NodeToControllerRequestThread)
[2024-06-16 17:49:47,020] INFO Node to controller channel manager for forwarding shutdown (kafka.server.NodeToControllerChannelManagerImpl)
[2024-06-16 17:49:47,021] INFO Shutting down. (kafka.log.LogManager)
[2024-06-16 17:49:47,080] INFO [kafka-log-cleaner-thread-0]: Shutting down (kafka.log.LogCleaner$CleanerThread)
[2024-06-16 17:49:47,085] INFO [kafka-log-cleaner-thread-0]: Shutdown completed (kafka.log.LogCleaner$CleanerThread)
[2024-06-16 17:49:47,084] INFO [kafka-log-cleaner-thread-0]: Stopped (kafka.log.LogCleaner$CleanerThread)
[2024-06-16 17:49:47,408] INFO [ProducerStateManager partition=__consumer_offsets-3] Wrote producer snapshot at offset 630 with 0 producer ids in 4 ms. (org.apache.kafka.storage.internals.log.ProducerStateManager)
[2024-06-16 17:49:47,725] INFO Opening socket connection to server localhost/127.0.0.1:2181. (org.apache.zookeeper.ClientCnxn)
[2024-06-16 17:49:47,726] WARN Session 0x10000a3dfb10000 for server localhost/127.0.0.1:2181, Closing socket connection. Attempting reconnect except it is a SessionExpiredException. (org.apache.zookeeper.ClientCnxn)
java.net.ConnectException: Connection refused
	at java.base/sun.nio.ch.SocketChannelImpl.checkConnect(Native Method)
	at java.base/sun.nio.ch.SocketChannelImpl.finishConnect(SocketChannelImpl.java:777)
	at org.apache.zookeeper.ClientCnxnSocketNIO.doTransport(ClientCnxnSocketNIO.java:344)
	at org.apache.zookeeper.ClientCnxn$SendThread.run(ClientCnxn.java:1289)
[2024-06-16 17:49:47,743] INFO [ProducerStateManager partition=raw_frames-0] Wrote producer snapshot at offset 2439 with 0 producer ids in 4 ms. (org.apache.kafka.storage.internals.log.ProducerStateManager)
[2024-06-16 17:49:48,125] INFO Shutdown complete. (kafka.log.LogManager)
[2024-06-16 17:49:48,140] INFO [feature-zk-node-event-process-thread]: Shutting down (kafka.server.FinalizedFeatureChangeListener$ChangeNotificationProcessorThread)
[2024-06-16 17:49:48,140] INFO [feature-zk-node-event-process-thread]: Shutdown completed (kafka.server.FinalizedFeatureChangeListener$ChangeNotificationProcessorThread)
[2024-06-16 17:49:48,140] INFO [feature-zk-node-event-process-thread]: Stopped (kafka.server.FinalizedFeatureChangeListener$ChangeNotificationProcessorThread)
[2024-06-16 17:49:48,146] INFO [ZooKeeperClient Kafka server] Closing. (kafka.zookeeper.ZooKeeperClient)
[2024-06-16 17:49:48,997] INFO Opening socket connection to server localhost/127.0.0.1:2181. (org.apache.zookeeper.ClientCnxn)
[2024-06-16 17:49:49,108] INFO Session: 0x10000a3dfb10000 closed (org.apache.zookeeper.ZooKeeper)
[2024-06-16 17:49:49,108] INFO EventThread shut down for session: 0x10000a3dfb10000 (org.apache.zookeeper.ClientCnxn)
[2024-06-16 17:49:49,109] INFO [ZooKeeperClient Kafka server] Closed. (kafka.zookeeper.ZooKeeperClient)
[2024-06-16 17:49:49,111] INFO [ThrottledChannelReaper-Fetch]: Shutting down (kafka.server.ClientQuotaManager$ThrottledChannelReaper)
[2024-06-16 17:49:49,115] INFO [ThrottledChannelReaper-Fetch]: Stopped (kafka.server.ClientQuotaManager$ThrottledChannelReaper)
[2024-06-16 17:49:49,115] INFO [ThrottledChannelReaper-Fetch]: Shutdown completed (kafka.server.ClientQuotaManager$ThrottledChannelReaper)
[2024-06-16 17:49:49,116] INFO [ThrottledChannelReaper-Produce]: Shutting down (kafka.server.ClientQuotaManager$ThrottledChannelReaper)
[2024-06-16 17:49:49,116] INFO [ThrottledChannelReaper-Produce]: Stopped (kafka.server.ClientQuotaManager$ThrottledChannelReaper)
[2024-06-16 17:49:49,116] INFO [ThrottledChannelReaper-Produce]: Shutdown completed (kafka.server.ClientQuotaManager$ThrottledChannelReaper)
[2024-06-16 17:49:49,118] INFO [ThrottledChannelReaper-Request]: Shutting down (kafka.server.ClientQuotaManager$ThrottledChannelReaper)
[2024-06-16 17:49:49,118] INFO [ThrottledChannelReaper-Request]: Stopped (kafka.server.ClientQuotaManager$ThrottledChannelReaper)
[2024-06-16 17:49:49,118] INFO [ThrottledChannelReaper-Request]: Shutdown completed (kafka.server.ClientQuotaManager$ThrottledChannelReaper)
[2024-06-16 17:49:49,119] INFO [ThrottledChannelReaper-ControllerMutation]: Shutting down (kafka.server.ClientQuotaManager$ThrottledChannelReaper)
[2024-06-16 17:49:49,119] INFO [ThrottledChannelReaper-ControllerMutation]: Stopped (kafka.server.ClientQuotaManager$ThrottledChannelReaper)
[2024-06-16 17:49:49,119] INFO [ThrottledChannelReaper-ControllerMutation]: Shutdown completed (kafka.server.ClientQuotaManager$ThrottledChannelReaper)
[2024-06-16 17:49:49,120] INFO [SocketServer listenerType=ZK_BROKER, nodeId=0] Shutting down socket server (kafka.network.SocketServer)
[2024-06-16 17:49:49,137] INFO [SocketServer listenerType=ZK_BROKER, nodeId=0] Shutdown completed (kafka.network.SocketServer)
[2024-06-16 17:49:49,138] INFO Metrics scheduler closed (org.apache.kafka.common.metrics.Metrics)
[2024-06-16 17:49:49,138] INFO Closing reporter org.apache.kafka.common.metrics.JmxReporter (org.apache.kafka.common.metrics.Metrics)
[2024-06-16 17:49:49,138] INFO Metrics reporters closed (org.apache.kafka.common.metrics.Metrics)
[2024-06-16 17:49:49,139] INFO Broker and topic stats closed (kafka.server.BrokerTopicStats)
[2024-06-16 17:49:49,140] INFO App info kafka.server for 0 unregistered (org.apache.kafka.common.utils.AppInfoParser)
[2024-06-16 17:49:49,140] INFO [KafkaServer id=0] shut down completed (kafka.server.KafkaServer)
